<?xml version="1.0" encoding="UTF-8"?>
<!-- Generated by org.testng.reporters.JUnitReportReporter -->
<testsuite hostname="DESKTOP-DU8608T" failures="0" tests="1" name="testCases.TC001_AccountRegistrationPage" time="3.850" errors="0" timestamp="2025-02-18T21:56:06 IST" skipped="0">
  <testcase classname="testCases.TC001_AccountRegistrationPage" name="verify_AccountRegistration" time="3.850"/>
  <system-out/>
</testsuite> <!-- testCases.TC001_AccountRegistrationPage -->
