<?xml version="1.0" encoding="UTF-8"?>
<!-- Generated by org.testng.reporters.JUnitReportReporter -->
<testsuite hostname="DESKTOP-DU8608T" failures="0" tests="5" name="testCases.TC003_LoginDatadrivenTest" time="30.762" errors="0" timestamp="2025-02-09T22:46:37 IST" skipped="0">
  <testcase classname="testCases.TC003_LoginDatadrivenTest" name="verify_loginDDT" time="11.085"/>
  <system-out/>
  <testcase classname="testCases.TC003_LoginDatadrivenTest" name="verify_loginDDT" time="3.519"/>
  <system-out/>
  <testcase classname="testCases.TC003_LoginDatadrivenTest" name="verify_loginDDT" time="2.297"/>
  <system-out/>
  <testcase classname="testCases.TC003_LoginDatadrivenTest" name="verify_loginDDT" time="11.556"/>
  <system-out/>
  <testcase classname="testCases.TC003_LoginDatadrivenTest" name="verify_loginDDT" time="2.305"/>
  <system-out/>
</testsuite> <!-- testCases.TC003_LoginDatadrivenTest -->
